# JRE version: OpenJDK Runtime Environment (21.0.4) (build 21.0.4+-12508038-b607.1)
# Java VM: OpenJDK 64-Bit Server VM (21.0.4+-12508038-b607.1, mixed mode, tiered, compressed oops, compressed class ptrs, g1 gc, windows-amd64)
GC Precious Log:
 CardTable entry size: 512
 Card Set container configuration: InlinePtr #cards 5 size 8 Array Of Cards #cards 12 size 40 Howl #buckets 4 coarsen threshold 1843 Howl Bitmap #cards 512 size 80 coarsen threshold 460 Card regions per heap region 1 cards per card region 2048
 CPUs: 12 total, 12 available
 Memory: 16141M
 Large Page Support: Disabled
 NUMA Support: Disabled
 Compressed Oops: Enabled (32-bit)
 Heap Region Size: 1M
 Heap Min Capacity: 8M
 Heap Initial Capacity: 254M
 Heap Max Capacity: 1536M
 Pre-touch: Disabled
 Parallel Workers: 10
 Concurrent Workers: 3
 Concurrent Refinement Workers: 10
 Periodic GC: Disabled
Heap:
 garbage-first heap   total 289792K, used 216200K [0x00000000a0000000, 0x0000000100000000)
  region size 1024K, 3 young (3072K), 3 survivors (3072K)
 Metaspace       used 133508K, committed 135936K, reserved 1179648K
  class space    used 18196K, committed 19520K, reserved 1048576K
GC Heap History (20 events):
Event: 16.571 GC heap after
{Heap after GC invocations=41 (full 0):
 garbage-first heap   total 178176K, used 116824K [0x00000000a0000000, 0x0000000100000000)
  region size 1024K, 7 young (7168K), 7 survivors (7168K)
 Metaspace       used 118610K, committed 120832K, reserved 1179648K
  class space    used 16150K, committed 17280K, reserved 1048576K
}
Event: 16.893 GC heap before
{Heap before GC invocations=41 (full 0):
 garbage-first heap   total 178176K, used 158808K [0x00000000a0000000, 0x0000000100000000)
  region size 1024K, 49 young (50176K), 7 survivors (7168K)
 Metaspace       used 121797K, committed 124096K, reserved 1179648K
  class space    used 16765K, committed 17984K, reserved 1048576K
}
Event: 16.897 GC heap after
{Heap after GC invocations=42 (full 0):
 garbage-first heap   total 178176K, used 121595K [0x00000000a0000000, 0x0000000100000000)
  region size 1024K, 5 young (5120K), 5 survivors (5120K)
 Metaspace       used 121797K, committed 124096K, reserved 1179648K
  class space    used 16765K, committed 17984K, reserved 1048576K
}
Event: 17.012 GC heap before
{Heap before GC invocations=43 (full 0):
 garbage-first heap   total 214016K, used 164603K [0x00000000a0000000, 0x0000000100000000)
  region size 1024K, 43 young (44032K), 5 survivors (5120K)
 Metaspace       used 124390K, committed 126720K, reserved 1179648K
  class space    used 17095K, committed 18304K, reserved 1048576K
}
Event: 17.016 GC heap after
{Heap after GC invocations=44 (full 0):
 garbage-first heap   total 214016K, used 126532K [0x00000000a0000000, 0x0000000100000000)
  region size 1024K, 5 young (5120K), 5 survivors (5120K)
 Metaspace       used 124390K, committed 126720K, reserved 1179648K
  class space    used 17095K, committed 18304K, reserved 1048576K
}
Event: 17.133 GC heap before
{Heap before GC invocations=44 (full 0):
 garbage-first heap   total 214016K, used 194116K [0x00000000a0000000, 0x0000000100000000)
  region size 1024K, 71 young (72704K), 5 survivors (5120K)
 Metaspace       used 125065K, committed 127552K, reserved 1179648K
  class space    used 17183K, committed 18496K, reserved 1048576K
}
Event: 17.136 GC heap after
{Heap after GC invocations=45 (full 0):
 garbage-first heap   total 214016K, used 127801K [0x00000000a0000000, 0x0000000100000000)
  region size 1024K, 8 young (8192K), 8 survivors (8192K)
 Metaspace       used 125065K, committed 127552K, reserved 1179648K
  class space    used 17183K, committed 18496K, reserved 1048576K
}
Event: 17.266 GC heap before
{Heap before GC invocations=45 (full 0):
 garbage-first heap   total 214016K, used 193337K [0x00000000a0000000, 0x0000000100000000)
  region size 1024K, 72 young (73728K), 8 survivors (8192K)
 Metaspace       used 125799K, committed 128192K, reserved 1179648K
  class space    used 17264K, committed 18496K, reserved 1048576K
}
Event: 17.268 GC heap after
{Heap after GC invocations=46 (full 0):
 garbage-first heap   total 214016K, used 129634K [0x00000000a0000000, 0x0000000100000000)
  region size 1024K, 7 young (7168K), 7 survivors (7168K)
 Metaspace       used 125799K, committed 128192K, reserved 1179648K
  class space    used 17264K, committed 18496K, reserved 1048576K
}
Event: 17.410 GC heap before
{Heap before GC invocations=47 (full 0):
 garbage-first heap   total 219136K, used 192098K [0x00000000a0000000, 0x0000000100000000)
  region size 1024K, 69 young (70656K), 7 survivors (7168K)
 Metaspace       used 126675K, committed 129088K, reserved 1179648K
  class space    used 17377K, committed 18624K, reserved 1048576K
}
Event: 17.414 GC heap after
{Heap after GC invocations=48 (full 0):
 garbage-first heap   total 219136K, used 132704K [0x00000000a0000000, 0x0000000100000000)
  region size 1024K, 7 young (7168K), 7 survivors (7168K)
 Metaspace       used 126675K, committed 129088K, reserved 1179648K
  class space    used 17377K, committed 18624K, reserved 1048576K
}
Event: 17.621 GC heap before
{Heap before GC invocations=48 (full 0):
 garbage-first heap   total 219136K, used 198240K [0x00000000a0000000, 0x0000000100000000)
  region size 1024K, 72 young (73728K), 7 survivors (7168K)
 Metaspace       used 128517K, committed 130944K, reserved 1179648K
  class space    used 17586K, committed 18816K, reserved 1048576K
}
Event: 17.625 GC heap after
{Heap after GC invocations=49 (full 0):
 garbage-first heap   total 219136K, used 131541K [0x00000000a0000000, 0x0000000100000000)
  region size 1024K, 5 young (5120K), 5 survivors (5120K)
 Metaspace       used 128517K, committed 130944K, reserved 1179648K
  class space    used 17586K, committed 18816K, reserved 1048576K
}
Event: 17.790 GC heap before
{Heap before GC invocations=49 (full 0):
 garbage-first heap   total 219136K, used 161237K [0x00000000a0000000, 0x0000000100000000)
  region size 1024K, 36 young (36864K), 5 survivors (5120K)
 Metaspace       used 128856K, committed 131328K, reserved 1179648K
  class space    used 17606K, committed 18944K, reserved 1048576K
}
Event: 17.793 GC heap after
{Heap after GC invocations=50 (full 0):
 garbage-first heap   total 219136K, used 133818K [0x00000000a0000000, 0x0000000100000000)
  region size 1024K, 7 young (7168K), 7 survivors (7168K)
 Metaspace       used 128856K, committed 131328K, reserved 1179648K
  class space    used 17606K, committed 18944K, reserved 1048576K
}
Event: 18.255 GC heap before
{Heap before GC invocations=51 (full 0):
 garbage-first heap   total 250880K, used 236218K [0x00000000a0000000, 0x0000000100000000)
  region size 1024K, 70 young (71680K), 7 survivors (7168K)
 Metaspace       used 131936K, committed 134336K, reserved 1179648K
  class space    used 17979K, committed 19264K, reserved 1048576K
}
Event: 18.260 GC heap after
{Heap after GC invocations=52 (full 0):
 garbage-first heap   total 261120K, used 188620K [0x00000000a0000000, 0x0000000100000000)
  region size 1024K, 9 young (9216K), 9 survivors (9216K)
 Metaspace       used 131936K, committed 134336K, reserved 1179648K
  class space    used 17979K, committed 19264K, reserved 1048576K
}
Event: 19.441 GC heap before
{Heap before GC invocations=52 (full 0):
 garbage-first heap   total 268288K, used 266444K [0x00000000a0000000, 0x0000000100000000)
  region size 1024K, 48 young (49152K), 9 survivors (9216K)
 Metaspace       used 133507K, committed 135936K, reserved 1179648K
  class space    used 18196K, committed 19520K, reserved 1048576K
}
Event: 20.449 GC heap after
{Heap after GC invocations=53 (full 0):
 garbage-first heap   total 289792K, used 213532K [0x00000000a0000000, 0x0000000100000000)
  region size 1024K, 7 young (7168K), 7 survivors (7168K)
 Metaspace       used 133507K, committed 135936K, reserved 1179648K
  class space    used 18196K, committed 19520K, reserved 1048576K
}
Event: 20.450 GC heap before
{Heap before GC invocations=53 (full 0):
 garbage-first heap   total 289792K, used 215580K [0x00000000a0000000, 0x0000000100000000)
  region size 1024K, 10 young (10240K), 7 survivors (7168K)
 Metaspace       used 133508K, committed 135936K, reserved 1179648K
  class space    used 18196K, committed 19520K, reserved 1048576K
}

