# JRE version: OpenJDK Runtime Environment (21.0.3) (build 21.0.3+-12282718-b509.11)
# Java VM: OpenJDK 64-Bit Server VM (21.0.3+-12282718-b509.11, mixed mode, tiered, compressed oops, compressed class ptrs, g1 gc, windows-amd64)
GC Precious Log:
 CardTable entry size: 512
 Card Set container configuration: InlinePtr #cards 5 size 8 Array Of Cards #cards 12 size 40 Howl #buckets 4 coarsen threshold 1843 Howl Bitmap #cards 512 size 80 coarsen threshold 460 Card regions per heap region 1 cards per card region 2048
 CPUs: 16 total, 16 available
 Memory: 5989M
 Large Page Support: Disabled
 NUMA Support: Disabled
 Compressed Oops: Enabled (32-bit)
 Heap Region Size: 1M
 Heap Min Capacity: 8M
 Heap Initial Capacity: 94M
 Heap Max Capacity: 1536M
 Pre-touch: Disabled
 Parallel Workers: 13
 Concurrent Workers: 3
 Concurrent Refinement Workers: 13
 Periodic GC: Disabled
Heap:
 garbage-first heap   total 283648K, used 128830K [0x00000000a0000000, 0x0000000100000000)
  region size 1024K, 5 young (5120K), 5 survivors (5120K)
 Metaspace       used 122106K, committed 124224K, reserved 1179648K
  class space    used 17250K, committed 18304K, reserved 1048576K
GC Heap History (20 events):
Event: 15.773 GC heap after
{Heap after GC invocations=32 (full 0):
 garbage-first heap   total 190464K, used 107668K [0x00000000a0000000, 0x0000000100000000)
  region size 1024K, 6 young (6144K), 6 survivors (6144K)
 Metaspace       used 92432K, committed 94400K, reserved 1179648K
  class space    used 12283K, committed 13312K, reserved 1048576K
}
Event: 17.497 GC heap before
{Heap before GC invocations=32 (full 0):
 garbage-first heap   total 190464K, used 171156K [0x00000000a0000000, 0x0000000100000000)
  region size 1024K, 69 young (70656K), 6 survivors (6144K)
 Metaspace       used 97374K, committed 99328K, reserved 1179648K
  class space    used 12919K, committed 13952K, reserved 1048576K
}
Event: 17.504 GC heap after
{Heap after GC invocations=33 (full 0):
 garbage-first heap   total 190464K, used 111666K [0x00000000a0000000, 0x0000000100000000)
  region size 1024K, 5 young (5120K), 5 survivors (5120K)
 Metaspace       used 97374K, committed 99328K, reserved 1179648K
  class space    used 12919K, committed 13952K, reserved 1048576K
}
Event: 29.698 GC heap before
{Heap before GC invocations=34 (full 0):
 garbage-first heap   total 190464K, used 169010K [0x00000000a0000000, 0x0000000100000000)
  region size 1024K, 66 young (67584K), 5 survivors (5120K)
 Metaspace       used 98815K, committed 100800K, reserved 1179648K
  class space    used 13129K, committed 14208K, reserved 1048576K
}
Event: 29.712 GC heap after
{Heap after GC invocations=35 (full 0):
 garbage-first heap   total 190464K, used 113956K [0x00000000a0000000, 0x0000000100000000)
  region size 1024K, 9 young (9216K), 9 survivors (9216K)
 Metaspace       used 98815K, committed 100800K, reserved 1179648K
  class space    used 13129K, committed 14208K, reserved 1048576K
}
Event: 30.222 GC heap before
{Heap before GC invocations=35 (full 0):
 garbage-first heap   total 190464K, used 169252K [0x00000000a0000000, 0x0000000100000000)
  region size 1024K, 64 young (65536K), 9 survivors (9216K)
 Metaspace       used 100555K, committed 102528K, reserved 1179648K
  class space    used 13381K, committed 14400K, reserved 1048576K
}
Event: 30.237 GC heap after
{Heap after GC invocations=36 (full 0):
 garbage-first heap   total 190464K, used 114579K [0x00000000a0000000, 0x0000000100000000)
  region size 1024K, 4 young (4096K), 4 survivors (4096K)
 Metaspace       used 100555K, committed 102528K, reserved 1179648K
  class space    used 13381K, committed 14400K, reserved 1048576K
}
Event: 30.922 GC heap before
{Heap before GC invocations=36 (full 0):
 garbage-first heap   total 190464K, used 172947K [0x00000000a0000000, 0x0000000100000000)
  region size 1024K, 62 young (63488K), 4 survivors (4096K)
 Metaspace       used 106528K, committed 108544K, reserved 1179648K
  class space    used 14475K, committed 15488K, reserved 1048576K
}
Event: 30.933 GC heap after
{Heap after GC invocations=37 (full 0):
 garbage-first heap   total 190464K, used 120952K [0x00000000a0000000, 0x0000000100000000)
  region size 1024K, 8 young (8192K), 8 survivors (8192K)
 Metaspace       used 106528K, committed 108544K, reserved 1179648K
  class space    used 14475K, committed 15488K, reserved 1048576K
}
Event: 31.942 GC heap before
{Heap before GC invocations=38 (full 0):
 garbage-first heap   total 211968K, used 169080K [0x00000000a0000000, 0x0000000100000000)
  region size 1024K, 56 young (57344K), 8 survivors (8192K)
 Metaspace       used 112079K, committed 114176K, reserved 1179648K
  class space    used 15565K, committed 16640K, reserved 1048576K
}
Event: 31.972 GC heap after
{Heap after GC invocations=39 (full 0):
 garbage-first heap   total 211968K, used 124818K [0x00000000a0000000, 0x0000000100000000)
  region size 1024K, 4 young (4096K), 4 survivors (4096K)
 Metaspace       used 112079K, committed 114176K, reserved 1179648K
  class space    used 15565K, committed 16640K, reserved 1048576K
}
Event: 32.245 GC heap before
{Heap before GC invocations=39 (full 0):
 garbage-first heap   total 211968K, used 193426K [0x00000000a0000000, 0x0000000100000000)
  region size 1024K, 72 young (73728K), 4 survivors (4096K)
 Metaspace       used 117297K, committed 119360K, reserved 1179648K
  class space    used 16524K, committed 17600K, reserved 1048576K
}
Event: 32.260 GC heap after
{Heap after GC invocations=40 (full 0):
 garbage-first heap   total 211968K, used 127324K [0x00000000a0000000, 0x0000000100000000)
  region size 1024K, 9 young (9216K), 9 survivors (9216K)
 Metaspace       used 117297K, committed 119360K, reserved 1179648K
  class space    used 16524K, committed 17600K, reserved 1048576K
}
Event: 32.410 GC heap before
{Heap before GC invocations=40 (full 0):
 garbage-first heap   total 211968K, used 190812K [0x00000000a0000000, 0x0000000100000000)
  region size 1024K, 71 young (72704K), 9 survivors (9216K)
 Metaspace       used 119437K, committed 121600K, reserved 1179648K
  class space    used 16834K, committed 17920K, reserved 1048576K
}
Event: 32.427 GC heap after
{Heap after GC invocations=41 (full 0):
 garbage-first heap   total 211968K, used 129208K [0x00000000a0000000, 0x0000000100000000)
  region size 1024K, 3 young (3072K), 3 survivors (3072K)
 Metaspace       used 119437K, committed 121600K, reserved 1179648K
  class space    used 16834K, committed 17920K, reserved 1048576K
}
Event: 32.778 GC heap before
{Heap before GC invocations=42 (full 0):
 garbage-first heap   total 283648K, used 192696K [0x00000000a0000000, 0x0000000100000000)
  region size 1024K, 65 young (66560K), 3 survivors (3072K)
 Metaspace       used 120353K, committed 122496K, reserved 1179648K
  class space    used 16987K, committed 18048K, reserved 1048576K
}
Event: 32.797 GC heap after
{Heap after GC invocations=43 (full 0):
 garbage-first heap   total 283648K, used 129617K [0x00000000a0000000, 0x0000000100000000)
  region size 1024K, 4 young (4096K), 4 survivors (4096K)
 Metaspace       used 120353K, committed 122496K, reserved 1179648K
  class space    used 16987K, committed 18048K, reserved 1048576K
}
Event: 33.094 GC heap before
{Heap before GC invocations=43 (full 0):
 garbage-first heap   total 283648K, used 261713K [0x00000000a0000000, 0x0000000100000000)
  region size 1024K, 134 young (137216K), 4 survivors (4096K)
 Metaspace       used 121331K, committed 123456K, reserved 1179648K
  class space    used 17157K, committed 18240K, reserved 1048576K
}
Event: 33.106 GC heap after
{Heap after GC invocations=44 (full 0):
 garbage-first heap   total 283648K, used 130244K [0x00000000a0000000, 0x0000000100000000)
  region size 1024K, 6 young (6144K), 6 survivors (6144K)
 Metaspace       used 121331K, committed 123456K, reserved 1179648K
  class space    used 17157K, committed 18240K, reserved 1048576K
}
Event: 33.401 GC heap before
{Heap before GC invocations=44 (full 0):
 garbage-first heap   total 283648K, used 261316K [0x00000000a0000000, 0x0000000100000000)
  region size 1024K, 134 young (137216K), 6 survivors (6144K)
 Metaspace       used 122106K, committed 124224K, reserved 1179648K
  class space    used 17250K, committed 18304K, reserved 1048576K
}

