# JRE version: OpenJDK Runtime Environment (21.0.4) (build 21.0.4+-12508038-b607.1)
# Java VM: OpenJDK 64-Bit Server VM (21.0.4+-12508038-b607.1, mixed mode, tiered, compressed oops, compressed class ptrs, g1 gc, windows-amd64)
GC Precious Log:
 CardTable entry size: 512
 Card Set container configuration: InlinePtr #cards 5 size 8 Array Of Cards #cards 12 size 40 Howl #buckets 4 coarsen threshold 1843 Howl Bitmap #cards 512 size 80 coarsen threshold 460 Card regions per heap region 1 cards per card region 2048
 CPUs: 12 total, 12 available
 Memory: 16141M
 Large Page Support: Disabled
 NUMA Support: Disabled
 Compressed Oops: Enabled (32-bit)
 Heap Region Size: 1M
 Heap Min Capacity: 8M
 Heap Initial Capacity: 254M
 Heap Max Capacity: 1536M
 Pre-touch: Disabled
 Parallel Workers: 10
 Concurrent Workers: 3
 Concurrent Refinement Workers: 10
 Periodic GC: Disabled
Heap:
 garbage-first heap   total 84992K, used 67869K [0x00000000a0000000, 0x0000000100000000)
  region size 1024K, 37 young (37888K), 4 survivors (4096K)
 Metaspace       used 55396K, committed 56896K, reserved 1114112K
  class space    used 7392K, committed 8128K, reserved 1048576K
GC Heap History (18 events):
Event: 0.409 GC heap before
{Heap before GC invocations=0 (full 0):
 garbage-first heap   total 260096K, used 26624K [0x00000000a0000000, 0x0000000100000000)
  region size 1024K, 23 young (23552K), 0 survivors (0K)
 Metaspace       used 7980K, committed 8128K, reserved 1114112K
  class space    used 709K, committed 768K, reserved 1048576K
}
Event: 0.411 GC heap after
{Heap after GC invocations=1 (full 0):
 garbage-first heap   total 260096K, used 10163K [0x00000000a0000000, 0x0000000100000000)
  region size 1024K, 3 young (3072K), 3 survivors (3072K)
 Metaspace       used 7980K, committed 8128K, reserved 1114112K
  class space    used 709K, committed 768K, reserved 1048576K
}
Event: 0.742 GC heap before
{Heap before GC invocations=1 (full 0):
 garbage-first heap   total 260096K, used 40883K [0x00000000a0000000, 0x0000000100000000)
  region size 1024K, 33 young (33792K), 3 survivors (3072K)
 Metaspace       used 12032K, committed 12288K, reserved 1114112K
  class space    used 1266K, committed 1408K, reserved 1048576K
}
Event: 0.745 GC heap after
{Heap after GC invocations=2 (full 0):
 garbage-first heap   total 260096K, used 11870K [0x00000000a0000000, 0x0000000100000000)
  region size 1024K, 2 young (2048K), 2 survivors (2048K)
 Metaspace       used 12032K, committed 12288K, reserved 1114112K
  class space    used 1266K, committed 1408K, reserved 1048576K
}
Event: 1.501 GC heap before
{Heap before GC invocations=2 (full 0):
 garbage-first heap   total 260096K, used 79454K [0x00000000a0000000, 0x0000000100000000)
  region size 1024K, 68 young (69632K), 2 survivors (2048K)
 Metaspace       used 21163K, committed 21504K, reserved 1114112K
  class space    used 2435K, committed 2624K, reserved 1048576K
}
Event: 1.505 GC heap after
{Heap after GC invocations=3 (full 0):
 garbage-first heap   total 260096K, used 20855K [0x00000000a0000000, 0x0000000100000000)
  region size 1024K, 10 young (10240K), 10 survivors (10240K)
 Metaspace       used 21163K, committed 21504K, reserved 1114112K
  class space    used 2435K, committed 2624K, reserved 1048576K
}
Event: 2.243 GC heap before
{Heap before GC invocations=4 (full 0):
 garbage-first heap   total 71680K, used 70007K [0x00000000a0000000, 0x0000000100000000)
  region size 1024K, 59 young (60416K), 10 survivors (10240K)
 Metaspace       used 29443K, committed 30080K, reserved 1114112K
  class space    used 3742K, committed 4032K, reserved 1048576K
}
Event: 2.248 GC heap after
{Heap after GC invocations=5 (full 0):
 garbage-first heap   total 84992K, used 23636K [0x00000000a0000000, 0x0000000100000000)
  region size 1024K, 13 young (13312K), 13 survivors (13312K)
 Metaspace       used 29443K, committed 30080K, reserved 1114112K
  class space    used 3742K, committed 4032K, reserved 1048576K
}
Event: 2.626 GC heap before
{Heap before GC invocations=5 (full 0):
 garbage-first heap   total 84992K, used 60500K [0x00000000a0000000, 0x0000000100000000)
  region size 1024K, 49 young (50176K), 13 survivors (13312K)
 Metaspace       used 34338K, committed 35200K, reserved 1114112K
  class space    used 4582K, committed 4992K, reserved 1048576K
}
Event: 2.631 GC heap after
{Heap after GC invocations=6 (full 0):
 garbage-first heap   total 84992K, used 26321K [0x00000000a0000000, 0x0000000100000000)
  region size 1024K, 6 young (6144K), 6 survivors (6144K)
 Metaspace       used 34338K, committed 35200K, reserved 1114112K
  class space    used 4582K, committed 4992K, reserved 1048576K
}
Event: 2.655 GC heap before
{Heap before GC invocations=6 (full 0):
 garbage-first heap   total 84992K, used 31441K [0x00000000a0000000, 0x0000000100000000)
  region size 1024K, 11 young (11264K), 6 survivors (6144K)
 Metaspace       used 35105K, committed 35968K, reserved 1114112K
  class space    used 4622K, committed 5056K, reserved 1048576K
}
Event: 2.657 GC heap after
{Heap after GC invocations=7 (full 0):
 garbage-first heap   total 84992K, used 27654K [0x00000000a0000000, 0x0000000100000000)
  region size 1024K, 4 young (4096K), 4 survivors (4096K)
 Metaspace       used 35105K, committed 35968K, reserved 1114112K
  class space    used 4622K, committed 5056K, reserved 1048576K
}
Event: 3.151 GC heap before
{Heap before GC invocations=8 (full 0):
 garbage-first heap   total 84992K, used 70662K [0x00000000a0000000, 0x0000000100000000)
  region size 1024K, 46 young (47104K), 4 survivors (4096K)
 Metaspace       used 42692K, committed 43712K, reserved 1114112K
  class space    used 5632K, committed 6144K, reserved 1048576K
}
Event: 3.154 GC heap after
{Heap after GC invocations=9 (full 0):
 garbage-first heap   total 84992K, used 27869K [0x00000000a0000000, 0x0000000100000000)
  region size 1024K, 5 young (5120K), 5 survivors (5120K)
 Metaspace       used 42692K, committed 43712K, reserved 1114112K
  class space    used 5632K, committed 6144K, reserved 1048576K
}
Event: 3.556 GC heap before
{Heap before GC invocations=9 (full 0):
 garbage-first heap   total 84992K, used 70877K [0x00000000a0000000, 0x0000000100000000)
  region size 1024K, 48 young (49152K), 5 survivors (5120K)
 Metaspace       used 50250K, committed 51520K, reserved 1114112K
  class space    used 6638K, committed 7232K, reserved 1048576K
}
Event: 3.560 GC heap after
{Heap after GC invocations=10 (full 0):
 garbage-first heap   total 84992K, used 31760K [0x00000000a0000000, 0x0000000100000000)
  region size 1024K, 6 young (6144K), 6 survivors (6144K)
 Metaspace       used 50250K, committed 51520K, reserved 1114112K
  class space    used 6638K, committed 7232K, reserved 1048576K
}
Event: 3.828 GC heap before
{Heap before GC invocations=10 (full 0):
 garbage-first heap   total 84992K, used 71696K [0x00000000a0000000, 0x0000000100000000)
  region size 1024K, 46 young (47104K), 6 survivors (6144K)
 Metaspace       used 53027K, committed 54336K, reserved 1114112K
  class space    used 6985K, committed 7616K, reserved 1048576K
}
Event: 3.831 GC heap after
{Heap after GC invocations=11 (full 0):
 garbage-first heap   total 84992K, used 35101K [0x00000000a0000000, 0x0000000100000000)
  region size 1024K, 4 young (4096K), 4 survivors (4096K)
 Metaspace       used 53027K, committed 54336K, reserved 1114112K
  class space    used 6985K, committed 7616K, reserved 1048576K
}

